<?xml version="1.0" encoding="UTF-8"?>
<testng-results ignored="0" total="4" passed="4" failed="0" skipped="0">
  <reporter-output>
  </reporter-output>
  <suite started-at="2022-08-15T00:08:20 EET" name="Suite" finished-at="2022-08-15T00:11:37 EET" duration-ms="197255">
    <groups>
    </groups>
    <test started-at="2022-08-15T00:08:20 EET" name="Test" finished-at="2022-08-15T00:11:37 EET" duration-ms="197255">
      <class name="tasks_musalasoft.org.musalasoft.TestCase4">
        <test-method signature="TC_04()[pri:0, instance:tasks_musalasoft.org.musalasoft.TestCase4@17497425]" started-at="2022-08-15T00:08:20 EET" name="TC_04" finished-at="2022-08-15T00:11:23 EET" duration-ms="182878" status="PASS">
          <reporter-output>
          </reporter-output>
        </test-method> <!-- TC_04 -->
      </class> <!-- tasks_musalasoft.org.musalasoft.TestCase4 -->
      <class name="tasks_musalasoft.org.musalasoft.TestCase3">
        <test-method signature="TC_03()[pri:0, instance:tasks_musalasoft.org.musalasoft.TestCase3@f0da945]" started-at="2022-08-15T00:08:20 EET" name="TC_03" finished-at="2022-08-15T00:11:37 EET" duration-ms="197177" status="PASS">
          <reporter-output>
          </reporter-output>
        </test-method> <!-- TC_03 -->
      </class> <!-- tasks_musalasoft.org.musalasoft.TestCase3 -->
      <class name="tasks_musalasoft.org.musalasoft.TestCase2">
        <test-method signature="TC_02()[pri:0, instance:tasks_musalasoft.org.musalasoft.TestCase2@6392827e]" started-at="2022-08-15T00:08:20 EET" name="TC_02" finished-at="2022-08-15T00:11:12 EET" duration-ms="172116" status="PASS">
          <reporter-output>
          </reporter-output>
        </test-method> <!-- TC_02 -->
      </class> <!-- tasks_musalasoft.org.musalasoft.TestCase2 -->
      <class name="tasks_musalasoft.org.musalasoft.TestCase1">
        <test-method signature="TC_01()[pri:0, instance:tasks_musalasoft.org.musalasoft.TestCase1@194bcebf]" started-at="2022-08-15T00:08:20 EET" name="TC_01" finished-at="2022-08-15T00:11:18 EET" duration-ms="178372" status="PASS">
          <reporter-output>
          </reporter-output>
        </test-method> <!-- TC_01 -->
      </class> <!-- tasks_musalasoft.org.musalasoft.TestCase1 -->
    </test> <!-- Test -->
  </suite> <!-- Suite -->
</testng-results>
