<?xml version="1.0" encoding="UTF-8"?>
<!-- Generated by org.testng.reporters.JUnitXMLReporter -->
<testsuite ignored="0" hostname="DESKTOP-59J5NO5" failures="0" tests="4" name="Test" time="197.255" errors="0" timestamp="2022-08-15T00:11:37 EET">
  <testcase classname="tasks_musalasoft.org.musalasoft.TestCase2" name="TC_02" time="172.116"/>
  <testcase classname="tasks_musalasoft.org.musalasoft.TestCase1" name="TC_01" time="178.372"/>
  <testcase classname="tasks_musalasoft.org.musalasoft.TestCase4" name="TC_04" time="182.878"/>
  <testcase classname="tasks_musalasoft.org.musalasoft.TestCase3" name="TC_03" time="197.177"/>
</testsuite> <!-- Test -->
